\BOOKMARK [1][-]{section.1}{Introdu\347\343o}{}% 1
\BOOKMARK [1][-]{section.2}{Contexto}{}% 2
\BOOKMARK [2][-]{subsection.2.1}{Cen\341rio}{section.2}% 3
\BOOKMARK [2][-]{subsection.2.2}{Objetivos}{section.2}% 4
\BOOKMARK [1][-]{section.3}{Especifica\347\343o}{}% 5
\BOOKMARK [2][-]{subsection.3.1}{Agentes}{section.3}% 6
\BOOKMARK [2][-]{subsection.3.2}{Intera\347\365es}{section.3}% 7
\BOOKMARK [1][-]{section.4}{Desenvolvimento}{}% 8
\BOOKMARK [2][-]{subsection.4.1}{Faseamento}{section.4}% 9
\BOOKMARK [2][-]{subsection.4.2}{Ambiente de Desenvolvimento e Ferramentas}{section.4}% 10
\BOOKMARK [2][-]{subsection.4.3}{Estrutura}{section.4}% 11
\BOOKMARK [2][-]{subsection.4.4}{Detalhes de Implementa\347\343o}{section.4}% 12
\BOOKMARK [3][-]{subsubsection.4.4.1}{Agentes}{subsection.4.4}% 13
\BOOKMARK [3][-]{subsubsection.4.4.2}{Ambiente}{subsection.4.4}% 14
\BOOKMARK [1][-]{section.5}{Experimenta\347\343o}{}% 15
\BOOKMARK [1][-]{section.6}{Conclus\365es}{}% 16
\BOOKMARK [1][-]{section.7}{Poss\355veis Melhorias}{}% 17
\BOOKMARK [1][-]{section.8}{Recursos}{}% 18
\BOOKMARK [2][-]{subsection.8.1}{Bibliografia}{section.8}% 19
\BOOKMARK [2][-]{subsection.8.2}{Software}{section.8}% 20
\BOOKMARK [1][-]{section.9}{Ap\352ndice}{}% 21
\BOOKMARK [2][-]{subsection.9.1}{Manual de Utilizador}{section.9}% 22
\BOOKMARK [3][-]{subsubsection.9.1.1}{Desenho do mapa}{subsection.9.1}% 23
\BOOKMARK [3][-]{subsubsection.9.1.2}{Especifica\347\343o do mapa}{subsection.9.1}% 24
\BOOKMARK [3][-]{subsubsection.9.1.3}{Especifica\347\343o do cen\341rio}{subsection.9.1}% 25
\BOOKMARK [3][-]{subsubsection.9.1.4}{Utiliza\347\343o}{subsection.9.1}% 26
